2018-10-07 17:49:10,633 - Trying to use logger class org.apache.velocity.runtime.log.SimpleLog4JLogSystem
2018-10-07 17:49:10,633 - Using logger class org.apache.velocity.runtime.log.SimpleLog4JLogSystem
2018-10-07 17:49:10,649 - Default ResourceManager initializing. (class org.apache.velocity.runtime.resource.ResourceManagerImpl)
2018-10-07 17:49:10,649 - Resource Loader Instantiated: org.apache.velocity.runtime.resource.loader.ClasspathResourceLoader
2018-10-07 17:49:10,649 - ClasspathResourceLoader : initialization starting.
2018-10-07 17:49:10,649 - ClasspathResourceLoader : initialization complete.
2018-10-07 17:49:10,649 - ResourceCache : initialized. (class org.apache.velocity.runtime.resource.ResourceCacheImpl)
2018-10-07 17:49:10,649 - Default ResourceManager initialization complete.
2018-10-07 17:49:10,664 - Loaded System Directive: org.apache.velocity.runtime.directive.Literal
2018-10-07 17:49:10,664 - Loaded System Directive: org.apache.velocity.runtime.directive.Macro
2018-10-07 17:49:10,664 - Loaded System Directive: org.apache.velocity.runtime.directive.Parse
2018-10-07 17:49:10,664 - Loaded System Directive: org.apache.velocity.runtime.directive.Include
2018-10-07 17:49:10,664 - Loaded System Directive: org.apache.velocity.runtime.directive.Foreach
2018-10-07 17:49:10,702 - Created: 20 parsers.
2018-10-07 17:49:10,718 - Velocimacro : initialization starting.
2018-10-07 17:49:10,718 - Velocimacro : adding VMs from VM library template : VM_global_library.vm
2018-10-07 17:49:10,733 - ResourceManager : unable to find resource 'VM_global_library.vm' in any resource loader.
2018-10-07 17:49:10,733 - Velocimacro : error using  VM library template VM_global_library.vm : org.apache.velocity.exception.ResourceNotFoundException: Unable to find resource 'VM_global_library.vm'
2018-10-07 17:49:10,733 - Velocimacro :  VM library template macro registration complete.
2018-10-07 17:49:10,733 - Velocimacro : allowInline = true : VMs can be defined inline in templates
2018-10-07 17:49:10,733 - Velocimacro : allowInlineToOverride = false : VMs defined inline may NOT replace previous VM definitions
2018-10-07 17:49:10,733 - Velocimacro : allowInlineLocal = false : VMs defined inline will be  global in scope if allowed.
2018-10-07 17:49:10,733 - Velocimacro : messages on  : VM system will output logging messages
2018-10-07 17:49:10,733 - Velocimacro : autoload off  : VM system will not automatically reload global library macros
2018-10-07 17:49:10,733 - Velocimacro : initialization complete.
2018-10-07 17:49:10,733 - Velocity successfully started.
2018-10-07 17:55:35,611 - SimpleLog4JLogSystem initialized using logfile 'velocity.log'
2018-10-07 17:55:35,611 - ************************************************************** 
2018-10-07 17:55:35,611 - Starting Jakarta Velocity v1.4
2018-10-07 17:55:35,611 - RuntimeInstance initializing.
2018-10-07 17:55:35,611 - Default Properties File: org\apache\velocity\runtime\defaults\velocity.properties
2018-10-07 17:55:35,611 - Trying to use logger class org.apache.velocity.runtime.log.SimpleLog4JLogSystem
2018-10-07 17:55:35,611 - Using logger class org.apache.velocity.runtime.log.SimpleLog4JLogSystem
2018-10-07 17:55:35,621 - Default ResourceManager initializing. (class org.apache.velocity.runtime.resource.ResourceManagerImpl)
2018-10-07 17:55:35,623 - Resource Loader Instantiated: org.apache.velocity.runtime.resource.loader.ClasspathResourceLoader
2018-10-07 17:55:35,623 - ClasspathResourceLoader : initialization starting.
2018-10-07 17:55:35,623 - ClasspathResourceLoader : initialization complete.
2018-10-07 17:55:35,623 - ResourceCache : initialized. (class org.apache.velocity.runtime.resource.ResourceCacheImpl)
2018-10-07 17:55:35,623 - Default ResourceManager initialization complete.
2018-10-07 17:55:35,633 - Loaded System Directive: org.apache.velocity.runtime.directive.Literal
2018-10-07 17:55:35,633 - Loaded System Directive: org.apache.velocity.runtime.directive.Macro
2018-10-07 17:55:35,645 - Loaded System Directive: org.apache.velocity.runtime.directive.Parse
2018-10-07 17:55:35,648 - Loaded System Directive: org.apache.velocity.runtime.directive.Include
2018-10-07 17:55:35,649 - Loaded System Directive: org.apache.velocity.runtime.directive.Foreach
2018-10-07 17:55:35,695 - Created: 20 parsers.
2018-10-07 17:55:35,706 - Velocimacro : initialization starting.
2018-10-07 17:55:35,706 - Velocimacro : adding VMs from VM library template : VM_global_library.vm
2018-10-07 17:55:35,721 - ResourceManager : unable to find resource 'VM_global_library.vm' in any resource loader.
2018-10-07 17:55:35,721 - Velocimacro : error using  VM library template VM_global_library.vm : org.apache.velocity.exception.ResourceNotFoundException: Unable to find resource 'VM_global_library.vm'
2018-10-07 17:55:35,721 - Velocimacro :  VM library template macro registration complete.
2018-10-07 17:55:35,721 - Velocimacro : allowInline = true : VMs can be defined inline in templates
2018-10-07 17:55:35,721 - Velocimacro : allowInlineToOverride = false : VMs defined inline may NOT replace previous VM definitions
2018-10-07 17:55:35,721 - Velocimacro : allowInlineLocal = false : VMs defined inline will be  global in scope if allowed.
2018-10-07 17:55:35,721 - Velocimacro : messages on  : VM system will output logging messages
2018-10-07 17:55:35,721 - Velocimacro : autoload off  : VM system will not automatically reload global library macros
2018-10-07 17:55:35,721 - Velocimacro : initialization complete.
2018-10-07 17:55:35,721 - Velocity successfully started.
2018-10-07 20:14:03,802 - SimpleLog4JLogSystem initialized using logfile 'velocity.log'
2018-10-07 20:14:03,802 - ************************************************************** 
2018-10-07 20:14:03,802 - Starting Jakarta Velocity v1.4
2018-10-07 20:14:03,802 - RuntimeInstance initializing.
2018-10-07 20:14:03,802 - Default Properties File: org\apache\velocity\runtime\defaults\velocity.properties
2018-10-07 20:14:03,802 - Trying to use logger class org.apache.velocity.runtime.log.SimpleLog4JLogSystem
2018-10-07 20:14:03,802 - Using logger class org.apache.velocity.runtime.log.SimpleLog4JLogSystem
2018-10-07 20:14:03,806 - Default ResourceManager initializing. (class org.apache.velocity.runtime.resource.ResourceManagerImpl)
2018-10-07 20:14:03,811 - Resource Loader Instantiated: org.apache.velocity.runtime.resource.loader.ClasspathResourceLoader
2018-10-07 20:14:03,811 - ClasspathResourceLoader : initialization starting.
2018-10-07 20:14:03,811 - ClasspathResourceLoader : initialization complete.
2018-10-07 20:14:03,811 - ResourceCache : initialized. (class org.apache.velocity.runtime.resource.ResourceCacheImpl)
2018-10-07 20:14:03,811 - Default ResourceManager initialization complete.
2018-10-07 20:14:03,816 - Loaded System Directive: org.apache.velocity.runtime.directive.Literal
2018-10-07 20:14:03,816 - Loaded System Directive: org.apache.velocity.runtime.directive.Macro
2018-10-07 20:14:03,816 - Loaded System Directive: org.apache.velocity.runtime.directive.Parse
2018-10-07 20:14:03,816 - Loaded System Directive: org.apache.velocity.runtime.directive.Include
2018-10-07 20:14:03,832 - Loaded System Directive: org.apache.velocity.runtime.directive.Foreach
2018-10-07 20:14:03,869 - Created: 20 parsers.
2018-10-07 20:14:03,877 - Velocimacro : initialization starting.
2018-10-07 20:14:03,877 - Velocimacro : adding VMs from VM library template : VM_global_library.vm
2018-10-07 20:14:03,890 - ResourceManager : unable to find resource 'VM_global_library.vm' in any resource loader.
2018-10-07 20:14:03,890 - Velocimacro : error using  VM library template VM_global_library.vm : org.apache.velocity.exception.ResourceNotFoundException: Unable to find resource 'VM_global_library.vm'
2018-10-07 20:14:03,890 - Velocimacro :  VM library template macro registration complete.
2018-10-07 20:14:03,890 - Velocimacro : allowInline = true : VMs can be defined inline in templates
2018-10-07 20:14:03,890 - Velocimacro : allowInlineToOverride = false : VMs defined inline may NOT replace previous VM definitions
2018-10-07 20:14:03,890 - Velocimacro : allowInlineLocal = false : VMs defined inline will be  global in scope if allowed.
2018-10-07 20:14:03,890 - Velocimacro : messages on  : VM system will output logging messages
2018-10-07 20:14:03,890 - Velocimacro : autoload off  : VM system will not automatically reload global library macros
2018-10-07 20:14:03,890 - Velocimacro : initialization complete.
2018-10-07 20:14:03,890 - Velocity successfully started.
2018-10-07 20:24:10,337 - ResourceManager : found repast/simphony/scenario/Scenario.vt with loader org.apache.velocity.runtime.resource.loader.ClasspathResourceLoader
2018-10-07 20:24:11,066 - ResourceManager : found repast/simphony/scenario/Scenario.vt with loader org.apache.velocity.runtime.resource.loader.ClasspathResourceLoader
2018-10-07 20:30:22,188 - ResourceManager : found repast/simphony/scenario/Scenario.vt with loader org.apache.velocity.runtime.resource.loader.ClasspathResourceLoader
2018-10-07 20:32:10,957 - SimpleLog4JLogSystem initialized using logfile 'velocity.log'
2018-10-07 20:32:10,957 - ************************************************************** 
2018-10-07 20:32:10,957 - Starting Jakarta Velocity v1.4
2018-10-07 20:32:10,957 - RuntimeInstance initializing.
2018-10-07 20:32:10,957 - Default Properties File: org\apache\velocity\runtime\defaults\velocity.properties
2018-10-07 20:32:10,957 - Trying to use logger class org.apache.velocity.runtime.log.SimpleLog4JLogSystem
2018-10-07 20:32:10,957 - Using logger class org.apache.velocity.runtime.log.SimpleLog4JLogSystem
2018-10-07 20:32:10,958 - Default ResourceManager initializing. (class org.apache.velocity.runtime.resource.ResourceManagerImpl)
2018-10-07 20:32:10,965 - Resource Loader Instantiated: org.apache.velocity.runtime.resource.loader.ClasspathResourceLoader
2018-10-07 20:32:10,965 - ClasspathResourceLoader : initialization starting.
2018-10-07 20:32:10,965 - ClasspathResourceLoader : initialization complete.
2018-10-07 20:32:10,967 - ResourceCache : initialized. (class org.apache.velocity.runtime.resource.ResourceCacheImpl)
2018-10-07 20:32:10,967 - Default ResourceManager initialization complete.
2018-10-07 20:32:10,970 - Loaded System Directive: org.apache.velocity.runtime.directive.Literal
2018-10-07 20:32:10,971 - Loaded System Directive: org.apache.velocity.runtime.directive.Macro
2018-10-07 20:32:10,975 - Loaded System Directive: org.apache.velocity.runtime.directive.Parse
2018-10-07 20:32:10,980 - Loaded System Directive: org.apache.velocity.runtime.directive.Include
2018-10-07 20:32:10,981 - Loaded System Directive: org.apache.velocity.runtime.directive.Foreach
2018-10-07 20:32:11,012 - Created: 20 parsers.
2018-10-07 20:32:11,020 - Velocimacro : initialization starting.
2018-10-07 20:32:11,020 - Velocimacro : adding VMs from VM library template : VM_global_library.vm
2018-10-07 20:32:11,029 - ResourceManager : unable to find resource 'VM_global_library.vm' in any resource loader.
2018-10-07 20:32:11,029 - Velocimacro : error using  VM library template VM_global_library.vm : org.apache.velocity.exception.ResourceNotFoundException: Unable to find resource 'VM_global_library.vm'
2018-10-07 20:32:11,029 - Velocimacro :  VM library template macro registration complete.
2018-10-07 20:32:11,029 - Velocimacro : allowInline = true : VMs can be defined inline in templates
2018-10-07 20:32:11,029 - Velocimacro : allowInlineToOverride = false : VMs defined inline may NOT replace previous VM definitions
2018-10-07 20:32:11,029 - Velocimacro : allowInlineLocal = false : VMs defined inline will be  global in scope if allowed.
2018-10-07 20:32:11,029 - Velocimacro : messages on  : VM system will output logging messages
2018-10-07 20:32:11,029 - Velocimacro : autoload off  : VM system will not automatically reload global library macros
2018-10-07 20:32:11,029 - Velocimacro : initialization complete.
2018-10-07 20:32:11,029 - Velocity successfully started.
